#
# There is insufficient memory for the Java Runtime Environment to continue.
# Native memory allocation (malloc) failed to allocate 658816 bytes for Chunk::new
# Possible reasons:
#   The system is out of physical RAM or swap space
#   In 32 bit mode, the process size limit was hit
# Possible solutions:
#   Reduce memory load on the system
#   Increase physical memory or swap space
#   Check if swap backing store is full
#   Use 64 bit Java on a 64 bit OS
#   Decrease Java heap size (-Xmx/-Xms)
#   Decrease number of Java threads
#   Decrease Java thread stack sizes (-Xss)
#   Set larger code cache with -XX:ReservedCodeCacheSize=
# This output file may be truncated or incomplete.
#
#  Out of Memory Error (allocation.cpp:390), pid=17284, tid=0x000000000000410c
#
# JRE version: Java(TM) SE Runtime Environment (8.0_152-b16) (build 1.8.0_152-b16)
# Java VM: Java HotSpot(TM) 64-Bit Server VM (25.152-b16 mixed mode windows-amd64 compressed oops)
# Failed to write core dump. Minidumps are not enabled by default on client versions of Windows
#

---------------  T H R E A D  ---------------

Current thread (0x000000001b5e4000):  JavaThread "C2 CompilerThread1" daemon [_thread_in_native, id=16652, stack(0x000000001ba90000,0x000000001bb90000)]

Stack: [0x000000001ba90000,0x000000001bb90000]
[error occurred during error reporting (printing stack bounds), id 0xc0000005]

Native frames: (J=compiled Java code, j=interpreted, Vv=VM code, C=native code)


Current CompileTask:
C2:   2527 1718   !   4       java.net.URL::<init> (543 bytes)


---------------  P R O C E S S  ---------------

Java Threads: ( => current thread )
  0x000000001cac1000 JavaThread "SparkListenerBus" daemon [_thread_blocked, id=14396, stack(0x0000000021280000,0x0000000021380000)]
  0x000000001cac2800 JavaThread "context-cleaner-periodic-gc" daemon [_thread_blocked, id=10616, stack(0x0000000021180000,0x0000000021280000)]
  0x000000001cac5800 JavaThread "Spark Context Cleaner" daemon [_thread_blocked, id=16936, stack(0x0000000021080000,0x0000000021180000)]
  0x000000001cac4000 JavaThread "shuffle-server-5-1" daemon [_thread_in_native, id=1336, stack(0x0000000020d80000,0x0000000020e80000)]
  0x000000001cabe800 JavaThread "driver-heartbeater" daemon [_thread_blocked, id=13156, stack(0x0000000020c80000,0x0000000020d80000)]
  0x000000001cab7000 JavaThread "dag-scheduler-event-loop" daemon [_thread_in_vm, id=1128, stack(0x0000000020b80000,0x0000000020c80000)]
  0x000000001cabe000 JavaThread "netty-rpc-env-timeout" daemon [_thread_blocked, id=1440, stack(0x0000000020a80000,0x0000000020b80000)]
  0x000000001cab6800 JavaThread "Timer-0" daemon [_thread_blocked, id=860, stack(0x0000000020980000,0x0000000020a80000)]
  0x000000001cabb000 JavaThread "heartbeat-receiver-event-loop-thread" daemon [_thread_blocked, id=11396, stack(0x0000000020530000,0x0000000020630000)]
  0x000000001cabd000 JavaThread "SparkUI-54" daemon [_thread_blocked, id=2464, stack(0x0000000020430000,0x0000000020530000)]
  0x000000001caba000 JavaThread "SparkUI-53" daemon [_thread_blocked, id=15960, stack(0x0000000020330000,0x0000000020430000)]
  0x000000001cab8800 JavaThread "SparkUI-52" daemon [_thread_blocked, id=4892, stack(0x0000000020230000,0x0000000020330000)]
  0x000000001cabc800 JavaThread "SparkUI-51" daemon [_thread_in_native, id=10896, stack(0x0000000020130000,0x0000000020230000)]
  0x000000001cabb800 JavaThread "SparkUI-50" daemon [_thread_in_native, id=12020, stack(0x0000000020030000,0x0000000020130000)]
  0x000000001cab9800 JavaThread "SparkUI-49-acceptor-0@54c35e2-ServerConnector@b8bdb3b{HTTP/1.1,[http/1.1]}{0.0.0.0:4040}" daemon [_thread_in_native, id=5888, stack(0x000000001ff30000,0x0000000020030000)]
  0x000000001cab8000 JavaThread "SparkUI-48" daemon [_thread_in_native, id=16708, stack(0x000000001fe30000,0x000000001ff30000)]
  0x000000001cc22000 JavaThread "SparkUI-47" daemon [_thread_in_native, id=6020, stack(0x000000001fd30000,0x000000001fe30000)]
  0x000000001cc21000 JavaThread "map-output-dispatcher-7" daemon [_thread_blocked, id=9412, stack(0x000000001ea60000,0x000000001eb60000)]
  0x000000001cc20800 JavaThread "map-output-dispatcher-6" daemon [_thread_blocked, id=4812, stack(0x000000001e960000,0x000000001ea60000)]
  0x000000001cc22800 JavaThread "map-output-dispatcher-5" daemon [_thread_blocked, id=10684, stack(0x000000001e860000,0x000000001e960000)]
  0x000000001cc1f800 JavaThread "map-output-dispatcher-4" daemon [_thread_blocked, id=9416, stack(0x000000001e760000,0x000000001e860000)]
  0x000000001cc25000 JavaThread "map-output-dispatcher-3" daemon [_thread_blocked, id=11392, stack(0x000000001e660000,0x000000001e760000)]
  0x000000001cc25800 JavaThread "map-output-dispatcher-2" daemon [_thread_blocked, id=11148, stack(0x000000001e560000,0x000000001e660000)]
  0x000000001cc24000 JavaThread "map-output-dispatcher-1" daemon [_thread_blocked, id=12184, stack(0x000000001e460000,0x000000001e560000)]
  0x000000001cc23800 JavaThread "map-output-dispatcher-0" daemon [_thread_blocked, id=11240, stack(0x000000001e360000,0x000000001e460000)]
  0x000000001cc26800 JavaThread "rpc-server-3-1" daemon [_thread_in_native, id=10480, stack(0x000000001e260000,0x000000001e360000)]
  0x000000001c9b6800 JavaThread "dispatcher-event-loop-7" daemon [_thread_blocked, id=17032, stack(0x000000001dd60000,0x000000001de60000)]
  0x000000001c9fd000 JavaThread "dispatcher-event-loop-6" daemon [_thread_blocked, id=11460, stack(0x000000001db60000,0x000000001dc60000)]
  0x000000001c9fc800 JavaThread "dispatcher-event-loop-5" daemon [_thread_blocked, id=16924, stack(0x000000001da60000,0x000000001db60000)]
  0x000000001c9fb800 JavaThread "dispatcher-event-loop-4" daemon [_thread_blocked, id=16920, stack(0x000000001d960000,0x000000001da60000)]
  0x000000001c961800 JavaThread "dispatcher-event-loop-3" daemon [_thread_blocked, id=17940, stack(0x000000001d860000,0x000000001d960000)]
  0x000000001c961000 JavaThread "dispatcher-event-loop-2" daemon [_thread_blocked, id=17808, stack(0x000000001d760000,0x000000001d860000)]
  0x000000001c7f2000 JavaThread "dispatcher-event-loop-1" daemon [_thread_blocked, id=6872, stack(0x000000001d660000,0x000000001d760000)]
  0x000000001c7dc800 JavaThread "dispatcher-event-loop-0" daemon [_thread_blocked, id=3720, stack(0x000000001d560000,0x000000001d660000)]
  0x000000001b699000 JavaThread "Service Thread" daemon [_thread_blocked, id=15348, stack(0x000000001bd90000,0x000000001be90000)]
  0x000000001b5e5800 JavaThread "C1 CompilerThread3" daemon [_thread_blocked, id=16840, stack(0x000000001bc90000,0x000000001bd90000)]
  0x000000001b5e5000 JavaThread "C2 CompilerThread2" daemon [_thread_in_native, id=9252, stack(0x000000001bb90000,0x000000001bc90000)]
=>0x000000001b5e4000 JavaThread "C2 CompilerThread1" daemon [_thread_in_native, id=16652, stack(0x000000001ba90000,0x000000001bb90000)]
  0x000000001b5dd800 JavaThread "C2 CompilerThread0" daemon [_thread_in_native, id=16720, stack(0x000000001b990000,0x000000001ba90000)]
  0x000000001b5dc000 JavaThread "Monitor Ctrl-Break" daemon [_thread_in_native, id=8428, stack(0x000000001b890000,0x000000001b990000)]
  0x000000001a9d2800 JavaThread "Attach Listener" daemon [_thread_blocked, id=4948, stack(0x000000001af90000,0x000000001b090000)]
  0x000000001aa2b000 JavaThread "Signal Dispatcher" daemon [_thread_blocked, id=1272, stack(0x000000001ae90000,0x000000001af90000)]
  0x000000001a9b0800 JavaThread "Finalizer" daemon [_thread_blocked, id=13920, stack(0x000000001ad90000,0x000000001ae90000)]
  0x0000000018a9f000 JavaThread "Reference Handler" daemon [_thread_blocked, id=10940, stack(0x000000001a890000,0x000000001a990000)]
  0x000000000380b000 JavaThread "main" [_thread_blocked, id=6332, stack(0x0000000003700000,0x0000000003800000)]

Other Threads:
  0x0000000018a96800 VMThread [stack: 0x000000001a790000,0x000000001a890000] [id=3404]
  0x000000001b79b000 WatcherThread [stack: 0x000000001be90000,0x000000001bf90000] [id=9204]

VM state:not at safepoint (normal execution)

VM Mutex/Monitor currently owned by a thread: None

Heap:
 PSYoungGen      total 71680K, used 58379K [0x00000000d5b00000, 0x00000000dd700000, 0x0000000100000000)
  eden space 66560K, 80% used [0x00000000d5b00000,0x00000000d8f0aaa8,0x00000000d9c00000)
  from space 5120K, 99% used [0x00000000d9c00000,0x00000000da0f8280,0x00000000da100000)
  to   space 9216K, 0% used [0x00000000dce00000,0x00000000dce00000,0x00000000dd700000)
 ParOldGen       total 54272K, used 9973K [0x0000000081000000, 0x0000000084500000, 0x00000000d5b00000)
  object space 54272K, 18% used [0x0000000081000000,0x00000000819bd518,0x0000000084500000)
 Metaspace       used 32500K, capacity 32794K, committed 33024K, reserved 1077248K
  class space    used 4683K, capacity 4777K, committed 4864K, reserved 1048576K

Card table byte_map: [0x0000000012e80000,0x0000000013280000] byte_map_base: 0x0000000012a78000

Marking Bits: (ParMarkBitMap*) 0x0000000060fa0860
 Begin Bits: [0x0000000013d30000, 0x0000000015cf0000)
 End Bits:   [0x0000000015cf0000, 0x0000000017cb0000)

Polling page: 0x0000000000fe0000

CodeCache: size=245760Kb used=5753Kb max_used=5753Kb free=240006Kb
 bounds [0x0000000003ac0000, 0x0000000004070000, 0x0000000012ac0000]
 total_blobs=2231 nmethods=1744 adapters=399
 compilation: enabled

Compilation events (10 events):
Event: 2.501 Thread 0x000000001b5e5800 1745       1       com.esotericsoftware.kryo.Registration::getType (5 bytes)
Event: 2.501 Thread 0x000000001b5e5800 nmethod 1745 0x0000000004060ad0 code [0x0000000004060c20, 0x0000000004060d30]
Event: 2.506 Thread 0x000000001b5e5800 1746       1       scala.reflect.ClassTag$::ObjectTYPE (5 bytes)
Event: 2.506 Thread 0x000000001b5e5800 nmethod 1746 0x0000000004060d90 code [0x0000000004060ee0, 0x0000000004060ff0]
Event: 2.506 Thread 0x000000001b5e5800 1747       1       scala.reflect.ClassTag$::NothingTYPE (5 bytes)
Event: 2.507 Thread 0x000000001b5e5800 nmethod 1747 0x0000000004061050 code [0x00000000040611a0, 0x00000000040612b0]
Event: 2.507 Thread 0x000000001b5e5800 1748       1       scala.reflect.ClassTag$::NullTYPE (5 bytes)
Event: 2.507 Thread 0x000000001b5e5800 nmethod 1748 0x0000000004061310 code [0x0000000004061460, 0x0000000004061570]
Event: 2.517 Thread 0x000000001b5e5800 1749       1       com.esotericsoftware.kryo.Registration::getId (5 bytes)
Event: 2.517 Thread 0x000000001b5e5800 nmethod 1749 0x00000000040615d0 code [0x0000000004061720, 0x0000000004061830]

GC Heap History (10 events):
Event: 0.900 GC heap before
{Heap before GC invocations=2 (full 0):
 PSYoungGen      total 38400K, used 38398K [0x00000000d5b00000, 0x00000000d8580000, 0x0000000100000000)
  eden space 33280K, 100% used [0x00000000d5b00000,0x00000000d7b80000,0x00000000d7b80000)
  from space 5120K, 99% used [0x00000000d7b80000,0x00000000d807f968,0x00000000d8080000)
  to   space 5120K, 0% used [0x00000000d8080000,0x00000000d8080000,0x00000000d8580000)
 ParOldGen       total 87552K, used 1035K [0x0000000081000000, 0x0000000086580000, 0x00000000d5b00000)
  object space 87552K, 1% used [0x0000000081000000,0x0000000081102cc0,0x0000000086580000)
 Metaspace       used 12780K, capacity 12892K, committed 13184K, reserved 1060864K
  class space    used 1826K, capacity 1844K, committed 1920K, reserved 1048576K
Event: 0.912 GC heap after
Heap after GC invocations=2 (full 0):
 PSYoungGen      total 38400K, used 4850K [0x00000000d5b00000, 0x00000000da600000, 0x0000000100000000)
  eden space 33280K, 0% used [0x00000000d5b00000,0x00000000d5b00000,0x00000000d7b80000)
  from space 5120K, 94% used [0x00000000d8080000,0x00000000d853ca58,0x00000000d8580000)
  to   space 5120K, 0% used [0x00000000d7b80000,0x00000000d7b80000,0x00000000d8080000)
 ParOldGen       total 87552K, used 1115K [0x0000000081000000, 0x0000000086580000, 0x00000000d5b00000)
  object space 87552K, 1% used [0x0000000081000000,0x0000000081116ce8,0x0000000086580000)
 Metaspace       used 12780K, capacity 12892K, committed 13184K, reserved 1060864K
  class space    used 1826K, capacity 1844K, committed 1920K, reserved 1048576K
}
Event: 1.318 GC heap before
{Heap before GC invocations=3 (full 0):
 PSYoungGen      total 38400K, used 38130K [0x00000000d5b00000, 0x00000000da600000, 0x0000000100000000)
  eden space 33280K, 99% used [0x00000000d5b00000,0x00000000d7b7fe80,0x00000000d7b80000)
  from space 5120K, 94% used [0x00000000d8080000,0x00000000d853ca58,0x00000000d8580000)
  to   space 5120K, 0% used [0x00000000d7b80000,0x00000000d7b80000,0x00000000d8080000)
 ParOldGen       total 87552K, used 1115K [0x0000000081000000, 0x0000000086580000, 0x00000000d5b00000)
  object space 87552K, 1% used [0x0000000081000000,0x0000000081116ce8,0x0000000086580000)
 Metaspace       used 16379K, capacity 16572K, committed 16768K, reserved 1062912K
  class space    used 2341K, capacity 2388K, committed 2432K, reserved 1048576K
Event: 1.330 GC heap after
Heap after GC invocations=3 (full 0):
 PSYoungGen      total 38400K, used 5093K [0x00000000d5b00000, 0x00000000da600000, 0x0000000100000000)
  eden space 33280K, 0% used [0x00000000d5b00000,0x00000000d5b00000,0x00000000d7b80000)
  from space 5120K, 99% used [0x00000000d7b80000,0x00000000d80796f0,0x00000000d8080000)
  to   space 5120K, 0% used [0x00000000da100000,0x00000000da100000,0x00000000da600000)
 ParOldGen       total 87552K, used 2080K [0x0000000081000000, 0x0000000086580000, 0x00000000d5b00000)
  object space 87552K, 2% used [0x0000000081000000,0x00000000812080b8,0x0000000086580000)
 Metaspace       used 16379K, capacity 16572K, committed 16768K, reserved 1062912K
  class space    used 2341K, capacity 2388K, committed 2432K, reserved 1048576K
}
Event: 1.678 GC heap before
{Heap before GC invocations=4 (full 0):
 PSYoungGen      total 38400K, used 32740K [0x00000000d5b00000, 0x00000000da600000, 0x0000000100000000)
  eden space 33280K, 83% used [0x00000000d5b00000,0x00000000d75ffb70,0x00000000d7b80000)
  from space 5120K, 99% used [0x00000000d7b80000,0x00000000d80796f0,0x00000000d8080000)
  to   space 5120K, 0% used [0x00000000da100000,0x00000000da100000,0x00000000da600000)
 ParOldGen       total 87552K, used 2080K [0x0000000081000000, 0x0000000086580000, 0x00000000d5b00000)
  object space 87552K, 2% used [0x0000000081000000,0x00000000812080b8,0x0000000086580000)
 Metaspace       used 20876K, capacity 21068K, committed 21248K, reserved 1067008K
  class space    used 2909K, capacity 2972K, committed 3072K, reserved 1048576K
Event: 1.686 GC heap after
Heap after GC invocations=4 (full 0):
 PSYoungGen      total 71680K, used 5114K [0x00000000d5b00000, 0x00000000da600000, 0x0000000100000000)
  eden space 66560K, 0% used [0x00000000d5b00000,0x00000000d5b00000,0x00000000d9c00000)
  from space 5120K, 99% used [0x00000000da100000,0x00000000da5feab8,0x00000000da600000)
  to   space 5120K, 0% used [0x00000000d9c00000,0x00000000d9c00000,0x00000000da100000)
 ParOldGen       total 87552K, used 4067K [0x0000000081000000, 0x0000000086580000, 0x00000000d5b00000)
  object space 87552K, 4% used [0x0000000081000000,0x00000000813f8c20,0x0000000086580000)
 Metaspace       used 20876K, capacity 21068K, committed 21248K, reserved 1067008K
  class space    used 2909K, capacity 2972K, committed 3072K, reserved 1048576K
}
Event: 1.686 GC heap before
{Heap before GC invocations=5 (full 1):
 PSYoungGen      total 71680K, used 5114K [0x00000000d5b00000, 0x00000000da600000, 0x0000000100000000)
  eden space 66560K, 0% used [0x00000000d5b00000,0x00000000d5b00000,0x00000000d9c00000)
  from space 5120K, 99% used [0x00000000da100000,0x00000000da5feab8,0x00000000da600000)
  to   space 5120K, 0% used [0x00000000d9c00000,0x00000000d9c00000,0x00000000da100000)
 ParOldGen       total 87552K, used 4067K [0x0000000081000000, 0x0000000086580000, 0x00000000d5b00000)
  object space 87552K, 4% used [0x0000000081000000,0x00000000813f8c20,0x0000000086580000)
 Metaspace       used 20876K, capacity 21068K, committed 21248K, reserved 1067008K
  class space    used 2909K, capacity 2972K, committed 3072K, reserved 1048576K
Event: 1.706 GC heap after
Heap after GC invocations=5 (full 1):
 PSYoungGen      total 71680K, used 0K [0x00000000d5b00000, 0x00000000da600000, 0x0000000100000000)
  eden space 66560K, 0% used [0x00000000d5b00000,0x00000000d5b00000,0x00000000d9c00000)
  from space 5120K, 0% used [0x00000000da100000,0x00000000da100000,0x00000000da600000)
  to   space 5120K, 0% used [0x00000000d9c00000,0x00000000d9c00000,0x00000000da100000)
 ParOldGen       total 54272K, used 6840K [0x0000000081000000, 0x0000000084500000, 0x00000000d5b00000)
  object space 54272K, 12% used [0x0000000081000000,0x00000000816ae210,0x0000000084500000)
 Metaspace       used 20876K, capacity 21068K, committed 21248K, reserved 1067008K
  class space    used 2909K, capacity 2972K, committed 3072K, reserved 1048576K
}
Event: 2.149 GC heap before
{Heap before GC invocations=6 (full 1):
 PSYoungGen      total 71680K, used 66560K [0x00000000d5b00000, 0x00000000da600000, 0x0000000100000000)
  eden space 66560K, 100% used [0x00000000d5b00000,0x00000000d9c00000,0x00000000d9c00000)
  from space 5120K, 0% used [0x00000000da100000,0x00000000da100000,0x00000000da600000)
  to   space 5120K, 0% used [0x00000000d9c00000,0x00000000d9c00000,0x00000000da100000)
 ParOldGen       total 54272K, used 6840K [0x0000000081000000, 0x0000000084500000, 0x00000000d5b00000)
  object space 54272K, 12% used [0x0000000081000000,0x00000000816ae210,0x0000000084500000)
 Metaspace       used 27786K, capacity 27976K, committed 28288K, reserved 1073152K
  class space    used 3876K, capacity 3946K, committed 3968K, reserved 1048576K
Event: 2.155 GC heap after
Heap after GC invocations=6 (full 1):
 PSYoungGen      total 71680K, used 5088K [0x00000000d5b00000, 0x00000000dd700000, 0x0000000100000000)
  eden space 66560K, 0% used [0x00000000d5b00000,0x00000000d5b00000,0x00000000d9c00000)
  from space 5120K, 99% used [0x00000000d9c00000,0x00000000da0f8280,0x00000000da100000)
  to   space 9216K, 0% used [0x00000000dce00000,0x00000000dce00000,0x00000000dd700000)
 ParOldGen       total 54272K, used 9973K [0x0000000081000000, 0x0000000084500000, 0x00000000d5b00000)
  object space 54272K, 18% used [0x0000000081000000,0x00000000819bd518,0x0000000084500000)
 Metaspace       used 27786K, capacity 27976K, committed 28288K, reserved 1073152K
  class space    used 3876K, capacity 3946K, committed 3968K, reserved 1048576K
}

Deoptimization events (10 events):
Event: 0.547 Thread 0x000000000380b000 Uncommon trap: reason=unstable_if action=reinterpret pc=0x0000000003c90c00 method=java.lang.AbstractStringBuilder.append(Ljava/lang/String;)Ljava/lang/AbstractStringBuilder; @ 1
Event: 0.577 Thread 0x000000000380b000 Uncommon trap: reason=unstable_if action=reinterpret pc=0x0000000003cfcbf8 method=sun.misc.MetaIndex.mayContain(Ljava/lang/String;)Z @ 38
Event: 0.649 Thread 0x000000000380b000 Uncommon trap: reason=unstable_if action=reinterpret pc=0x0000000003cb7574 method=java.util.HashMap.getNode(ILjava/lang/Object;)Ljava/util/HashMap$Node; @ 62
Event: 0.649 Thread 0x000000000380b000 Uncommon trap: reason=unstable_if action=reinterpret pc=0x0000000003c9a910 method=java.util.HashMap.getNode(ILjava/lang/Object;)Ljava/util/HashMap$Node; @ 62
Event: 0.918 Thread 0x000000000380b000 Uncommon trap: reason=unstable_if action=reinterpret pc=0x0000000003d799e0 method=org.apache.xerces.impl.XMLEntityScanner.skipChar(I)Z @ 14
Event: 1.414 Thread 0x000000000380b000 Uncommon trap: reason=unstable_if action=reinterpret pc=0x0000000003c53db4 method=java.io.WinNTFileSystem.normalize(Ljava/lang/String;)Ljava/lang/String; @ 128
Event: 1.844 Thread 0x000000000380b000 Uncommon trap: reason=unstable_if action=reinterpret pc=0x0000000003f0b864 method=java.util.jar.Manifest$FastInputStream.readLine([BII)I @ 87
Event: 1.907 Thread 0x000000000380b000 Uncommon trap: reason=unstable_if action=reinterpret pc=0x0000000003e4e3d4 method=sun.net.www.protocol.jar.Handler.parseURL(Ljava/net/URL;Ljava/lang/String;II)V @ 94
Event: 2.004 Thread 0x000000001c9fb800 Uncommon trap: reason=class_check action=maybe_recompile pc=0x0000000003e1b420 method=java.util.concurrent.ConcurrentHashMap.putVal(Ljava/lang/Object;Ljava/lang/Object;Z)Ljava/lang/Object; @ 192
Event: 2.370 Thread 0x000000000380b000 Uncommon trap: reason=unstable_if action=reinterpret pc=0x0000000003fc0c14 method=java.lang.String.compareTo(Ljava/lang/String;)I @ 38

Classes redefined (0 events):
No events

Internal exceptions (10 events):
Event: 2.392 Thread 0x000000000380b000 Exception <a 'java/lang/NoSuchMethodError': <clinit>> (0x00000000d7fb4ae8) thrown at [C:\re\workspace\8-2-build-windows-amd64-cygwin\jdk8u152\9742\hotspot\src\share\vm\prims\jni.cpp, line 1613]
Event: 2.393 Thread 0x000000000380b000 Exception <a 'java/lang/NoSuchMethodError': <clinit>> (0x00000000d7fc8540) thrown at [C:\re\workspace\8-2-build-windows-amd64-cygwin\jdk8u152\9742\hotspot\src\share\vm\prims\jni.cpp, line 1613]
Event: 2.394 Thread 0x000000000380b000 Exception <a 'java/lang/NoSuchMethodError': <clinit>> (0x00000000d7fe1608) thrown at [C:\re\workspace\8-2-build-windows-amd64-cygwin\jdk8u152\9742\hotspot\src\share\vm\prims\jni.cpp, line 1613]
Event: 2.395 Thread 0x000000000380b000 Exception <a 'java/lang/NoSuchMethodError': <clinit>> (0x00000000d7ff99a8) thrown at [C:\re\workspace\8-2-build-windows-amd64-cygwin\jdk8u152\9742\hotspot\src\share\vm\prims\jni.cpp, line 1613]
Event: 2.397 Thread 0x000000000380b000 Exception <a 'java/lang/NoSuchMethodError': <clinit>> (0x00000000d802eeb0) thrown at [C:\re\workspace\8-2-build-windows-amd64-cygwin\jdk8u152\9742\hotspot\src\share\vm\prims\jni.cpp, line 1613]
Event: 2.398 Thread 0x000000000380b000 Exception <a 'java/lang/NoSuchMethodError': <clinit>> (0x00000000d803f6c0) thrown at [C:\re\workspace\8-2-build-windows-amd64-cygwin\jdk8u152\9742\hotspot\src\share\vm\prims\jni.cpp, line 1613]
Event: 2.399 Thread 0x000000000380b000 Exception <a 'java/lang/NoSuchMethodError': <clinit>> (0x00000000d804f688) thrown at [C:\re\workspace\8-2-build-windows-amd64-cygwin\jdk8u152\9742\hotspot\src\share\vm\prims\jni.cpp, line 1613]
Event: 2.399 Thread 0x000000000380b000 Exception <a 'java/lang/NoSuchMethodError': <clinit>> (0x00000000d8050ff0) thrown at [C:\re\workspace\8-2-build-windows-amd64-cygwin\jdk8u152\9742\hotspot\src\share\vm\prims\jni.cpp, line 1613]
Event: 2.400 Thread 0x000000000380b000 Exception <a 'java/lang/NoSuchMethodError': <clinit>> (0x00000000d80605c8) thrown at [C:\re\workspace\8-2-build-windows-amd64-cygwin\jdk8u152\9742\hotspot\src\share\vm\prims\jni.cpp, line 1613]
Event: 2.408 Thread 0x000000000380b000 Exception <a 'java/lang/NoSuchMethodError': <clinit>> (0x00000000d80ddbe8) thrown at [C:\re\workspace\8-2-build-windows-amd64-cygwin\jdk8u152\9742\hotspot\src\share\vm\prims\jni.cpp, line 1613]

Events (10 events):
Event: 2.523 loading class scala/Product16
Event: 2.523 loading class scala/Product16 done
Event: 2.523 loading class scala/Tuple17
Event: 2.523 loading class scala/Tuple17 done
Event: 2.523 loading class scala/Product17
Event: 2.523 loading class scala/Product17 done
Event: 2.524 loading class scala/Tuple18
Event: 2.524 loading class scala/Tuple18 done
Event: 2.524 loading class scala/Product18
Event: 2.524 loading class scala/Product18 done


Dynamic libraries:
0x00007ff6f3c60000 - 0x00007ff6f3c97000 	D:\Development Tools\Java\jdk1.8.0_152\bin\java.exe
0x00007ffdca9a0000 - 0x00007ffdcab81000 	C:\WINDOWS\SYSTEM32\ntdll.dll
0x00007ffdc8510000 - 0x00007ffdc85c2000 	C:\WINDOWS\System32\KERNEL32.DLL
0x00007ffdc7650000 - 0x00007ffdc78c3000 	C:\WINDOWS\System32\KERNELBASE.dll
0x00007ffdc83c0000 - 0x00007ffdc8461000 	C:\WINDOWS\System32\ADVAPI32.dll
0x00007ffdc8190000 - 0x00007ffdc822e000 	C:\WINDOWS\System32\msvcrt.dll
0x00007ffdc85e0000 - 0x00007ffdc863b000 	C:\WINDOWS\System32\sechost.dll
0x00007ffdc8cf0000 - 0x00007ffdc8e14000 	C:\WINDOWS\System32\RPCRT4.dll
0x00007ffdca6b0000 - 0x00007ffdca840000 	C:\WINDOWS\System32\USER32.dll
0x00007ffdc7530000 - 0x00007ffdc7550000 	C:\WINDOWS\System32\win32u.dll
0x00007ffdc8000000 - 0x00007ffdc8028000 	C:\WINDOWS\System32\GDI32.dll
0x00007ffdc7c90000 - 0x00007ffdc7e22000 	C:\WINDOWS\System32\gdi32full.dll
0x00007ffdc7bf0000 - 0x00007ffdc7c8f000 	C:\WINDOWS\System32\msvcp_win.dll
0x00007ffdc7550000 - 0x00007ffdc764a000 	C:\WINDOWS\System32\ucrtbase.dll
0x00007ffdbbb30000 - 0x00007ffdbbd99000 	C:\WINDOWS\WinSxS\amd64_microsoft.windows.common-controls_6595b64144ccf1df_6.0.17134.345_none_fb429a5930656358\COMCTL32.dll
0x00007ffdc86f0000 - 0x00007ffdc8a13000 	C:\WINDOWS\System32\combase.dll
0x00007ffdc7980000 - 0x00007ffdc79fa000 	C:\WINDOWS\System32\bcryptPrimitives.dll
0x00007ffdc7e30000 - 0x00007ffdc7e5d000 	C:\WINDOWS\System32\IMM32.DLL
0x0000000061020000 - 0x00000000610f2000 	D:\Development Tools\Java\jdk1.8.0_152\jre\bin\msvcr100.dll
0x0000000060780000 - 0x0000000061020000 	D:\Development Tools\Java\jdk1.8.0_152\jre\bin\server\jvm.dll
0x00007ffdc8230000 - 0x00007ffdc8238000 	C:\WINDOWS\System32\PSAPI.DLL
0x00007ffdbf570000 - 0x00007ffdbf593000 	C:\WINDOWS\SYSTEM32\WINMM.dll
0x00007ffdbf500000 - 0x00007ffdbf509000 	C:\WINDOWS\SYSTEM32\WSOCK32.dll
0x00007ffdbf5a0000 - 0x00007ffdbf5aa000 	C:\WINDOWS\SYSTEM32\VERSION.dll
0x00007ffdc8c00000 - 0x00007ffdc8c6c000 	C:\WINDOWS\System32\WS2_32.dll
0x00007ffdbf3d0000 - 0x00007ffdbf3fa000 	C:\WINDOWS\SYSTEM32\WINMMBASE.dll
0x00007ffdc78d0000 - 0x00007ffdc7919000 	C:\WINDOWS\System32\cfgmgr32.dll
0x0000000062640000 - 0x000000006264f000 	D:\Development Tools\Java\jdk1.8.0_152\jre\bin\verify.dll
0x0000000060750000 - 0x0000000060779000 	D:\Development Tools\Java\jdk1.8.0_152\jre\bin\java.dll
0x00000000606a0000 - 0x00000000606c3000 	D:\Development Tools\Java\jdk1.8.0_152\jre\bin\instrument.dll
0x0000000060730000 - 0x0000000060746000 	D:\Development Tools\Java\jdk1.8.0_152\jre\bin\zip.dll
0x00007ffdc8e20000 - 0x00007ffdca25f000 	C:\WINDOWS\System32\SHELL32.dll
0x00007ffdc8640000 - 0x00007ffdc86e9000 	C:\WINDOWS\System32\shcore.dll
0x00007ffdc6d70000 - 0x00007ffdc747d000 	C:\WINDOWS\System32\windows.storage.dll
0x00007ffdc8ba0000 - 0x00007ffdc8bf1000 	C:\WINDOWS\System32\shlwapi.dll
0x00007ffdc6cc0000 - 0x00007ffdc6cd1000 	C:\WINDOWS\System32\kernel.appcore.dll
0x00007ffdc6d50000 - 0x00007ffdc6d6f000 	C:\WINDOWS\System32\profapi.dll
0x00007ffdc6ce0000 - 0x00007ffdc6d2c000 	C:\WINDOWS\System32\powrprof.dll
0x00007ffdc6cb0000 - 0x00007ffdc6cba000 	C:\WINDOWS\System32\FLTLIB.DLL
0x00007ffdc0990000 - 0x00007ffdc09aa000 	D:\Development Tools\IntelliJ IDEA 2017.3\bin\breakgen64.dll
0x0000000060710000 - 0x000000006072a000 	D:\Development Tools\Java\jdk1.8.0_152\jre\bin\net.dll
0x00007ffdc6530000 - 0x00007ffdc6596000 	C:\WINDOWS\system32\mswsock.dll
0x0000000062630000 - 0x000000006263d000 	D:\Development Tools\Java\jdk1.8.0_152\jre\bin\management.dll
0x0000000060690000 - 0x0000000060699000 	D:\Development Tools\Java\jdk1.8.0_152\jre\bin\w2k_lsa_auth.dll
0x00007ffdbf4f0000 - 0x00007ffdbf4fc000 	C:\WINDOWS\SYSTEM32\Secur32.dll
0x00007ffdc6bb0000 - 0x00007ffdc6be0000 	C:\WINDOWS\SYSTEM32\SSPICLI.DLL
0x00007ffdbfbb0000 - 0x00007ffdbfbca000 	C:\Windows\System32\hadoop.dll
0x00007ffdc5ea0000 - 0x00007ffdc5eeb000 	C:\WINDOWS\SYSTEM32\AUTHZ.dll
0x00007ffdc2a00000 - 0x00007ffdc2a17000 	C:\WINDOWS\SYSTEM32\NETAPI32.dll
0x00007ffdc63b0000 - 0x00007ffdc63be000 	C:\WINDOWS\SYSTEM32\NETUTILS.DLL
0x00007ffdc2a80000 - 0x00007ffdc2a98000 	C:\WINDOWS\SYSTEM32\SAMCLI.DLL
0x0000000060680000 - 0x0000000060688000 	D:\Development Tools\Java\jdk1.8.0_152\jre\bin\jaas_nt.dll
0x00007ffdbbdd0000 - 0x00007ffdbbde6000 	C:\WINDOWS\system32\napinsp.dll
0x00007ffdbbdb0000 - 0x00007ffdbbdca000 	C:\WINDOWS\system32\pnrpnsp.dll
0x00007ffdc3ae0000 - 0x00007ffdc3af9000 	C:\WINDOWS\system32\NLAapi.dll
0x00007ffdc62f0000 - 0x00007ffdc63ae000 	C:\WINDOWS\SYSTEM32\DNSAPI.dll
0x00007ffdc8030000 - 0x00007ffdc8038000 	C:\WINDOWS\System32\NSI.dll
0x00007ffdc62b0000 - 0x00007ffdc62e8000 	C:\WINDOWS\SYSTEM32\IPHLPAPI.DLL
0x00007ffdbbda0000 - 0x00007ffdbbdae000 	C:\WINDOWS\System32\winrnr.dll
0x00007ffdc0340000 - 0x00007ffdc034a000 	C:\Windows\System32\rasadhlp.dll
0x00007ffdc0af0000 - 0x00007ffdc0b62000 	C:\WINDOWS\System32\fwpuclnt.dll
0x00007ffdc6810000 - 0x00007ffdc6835000 	C:\WINDOWS\SYSTEM32\bcrypt.dll
0x00000000606f0000 - 0x0000000060701000 	D:\Development Tools\Java\jdk1.8.0_152\jre\bin\nio.dll
0x00007ffdc66e0000 - 0x00007ffdc66f7000 	C:\WINDOWS\SYSTEM32\CRYPTSP.dll
0x00007ffdc6110000 - 0x00007ffdc6143000 	C:\WINDOWS\system32\rsaenh.dll
0x00007ffdc6be0000 - 0x00007ffdc6c08000 	C:\WINDOWS\SYSTEM32\USERENV.dll
0x00007ffdc6700000 - 0x00007ffdc670b000 	C:\WINDOWS\SYSTEM32\CRYPTBASE.dll
0x00007ffdc21a0000 - 0x00007ffdc21b6000 	C:\WINDOWS\SYSTEM32\dhcpcsvc6.DLL
0x00007ffdc22f0000 - 0x00007ffdc230a000 	C:\WINDOWS\SYSTEM32\dhcpcsvc.DLL

VM Arguments:
jvm_args: -javaagent:D:\Development Tools\IntelliJ IDEA 2017.3\lib\idea_rt.jar=53852:D:\Development Tools\IntelliJ IDEA 2017.3\bin -Dfile.encoding=UTF-8 
java_command: Aggregate
java_class_path (initial): D:\Development Tools\Java\jdk1.8.0_152\jre\lib\charsets.jar;D:\Development Tools\Java\jdk1.8.0_152\jre\lib\deploy.jar;D:\Development Tools\Java\jdk1.8.0_152\jre\lib\ext\access-bridge-64.jar;D:\Development Tools\Java\jdk1.8.0_152\jre\lib\ext\cldrdata.jar;D:\Development Tools\Java\jdk1.8.0_152\jre\lib\ext\dnsns.jar;D:\Development Tools\Java\jdk1.8.0_152\jre\lib\ext\jaccess.jar;D:\Development Tools\Java\jdk1.8.0_152\jre\lib\ext\jfxrt.jar;D:\Development Tools\Java\jdk1.8.0_152\jre\lib\ext\localedata.jar;D:\Development Tools\Java\jdk1.8.0_152\jre\lib\ext\nashorn.jar;D:\Development Tools\Java\jdk1.8.0_152\jre\lib\ext\sunec.jar;D:\Development Tools\Java\jdk1.8.0_152\jre\lib\ext\sunjce_provider.jar;D:\Development Tools\Java\jdk1.8.0_152\jre\lib\ext\sunmscapi.jar;D:\Development Tools\Java\jdk1.8.0_152\jre\lib\ext\sunpkcs11.jar;D:\Development Tools\Java\jdk1.8.0_152\jre\lib\ext\zipfs.jar;D:\Development Tools\Java\jdk1.8.0_152\jre\lib\javaws.jar;D:\Development Tools\Java\jdk1.8.0_152\jre\lib\jce.jar;D:\Development Tools\Java\jdk1.8.0_152\jre\lib\jfr.jar;D:\Development Tools\Java\jdk1.8.0_152\jre\lib\jfxswt.jar;D:\Development Tools\Java\jdk1.8.0_152\jre\lib\jsse.jar;D:\Development Tools\Java\jdk1.8.0_152\jre\lib\management-agent.jar;D:\Development Tools\Java\jdk1.8.0_152\jre\lib\plugin.jar;D:\Development Tools\Java\jdk1.8.0_152\jre\lib\resources.jar;D:\Development Tools\Java\jdk1.8.0_152\jre\lib\rt.jar;D:\masterBigData\hadoop_201809\spark-demo\target\classes;D:\scala-2.11.1\lib\scala-actors-2.11.0.jar;D:\scala-2.11.1\lib\scala-actors-migration_2.11-1.1.0.jar;D:\scala-2.11.1\lib\scala-library.jar;D:\scala-2.11.1\lib\scala-parser-combinators_2.11-1.0.1.jar;D:\scala-2.11.1\lib\scala-reflect.jar;D:\scala-2.11.1\lib\scala-swing_2.11-1.0.1.jar;D:\scala-2.11.1\lib\scala-xml_2.11-1.0.2.jar;F:\develop\Maven_repository\org\apache\spark\spark-core_2.11\2.2.0\spark-core_2.11-2.2.0.jar;F:\develop\Maven_repository\org\apache\avro\avro\1.7.7\avro-1.7.7.jar;F:\deve
Launcher Type: SUN_STANDARD

Environment Variables:
JAVA_HOME=D:\Development Tools\Java\jdk1.8.0_152
CLASSPATH= .;D:\Development Tools\Java\jdk1.8.0_152\lib\dt.jar;D:\Development Tools\Java\jdk1.8.0_152\lib\tools.jar;.;%CXF_HOME%\lib\cxf-manifest.jar;.\build\classes.;D:\scala-2.11.1\bin;
PATH=C:\Program Files (x86)\Common Files\Oracle\Java\javapath;C:\ProgramData\Oracle\Java\javapath;C:\WINDOWS\system32;C:\WINDOWS;C:\WINDOWS\System32\Wbem;C:\WINDOWS\System32\WindowsPowerShell\v1.0\;D:\Development Tools\Java\jdk1.8.0_152\bin;D:\Development Tools\Java\jdk1.8.0_152\jre\bin;D:\Development Tools\MySQL\MySQL Server 5.7\bin;D:\Development Tools\apache-maven-3.5.2-bin\apache-maven-3.5.2\bin;D:\Development Tools\MongoDB\Server\3.4\bin;D:\Development Tools\TortoiseSVN\bin;%CXF_HOME%\bin;F:\develop\Jar.Package\apache-ant-1.10.1-bin\apache-ant-1.10.1\bin;F:\develop\solr\apache-tomcat-8.5.24-windows-x64\apache-tomcat-8.5.24\bin;D:\Development Tools\hadoop-2.7.5\bin;C:\WINDOWS\System32\OpenSSH\;D:\Development Tools\Git\cmd;D:\Development Tools\spring-2.0.2.RELEASE\bin;D:\Development Tools\gradle-4.5-bin\gradle-4.5\bin;D:\Development Tools\nodejs\;D:\Development Tools\elasticsearch-6.3.0\bin;D:\scala-2.11.1\bin;D:\Development Tools\Python\Python36\Scripts\;D:\Development Tools\Python\Python36\;C:\Users\HuangYn\AppData\Local\Microsoft\WindowsApps;C:\Users\HuangYn\AppData\Roaming\npm
USERNAME=HuangYn
OS=Windows_NT
PROCESSOR_IDENTIFIER=Intel64 Family 6 Model 158 Stepping 9, GenuineIntel



---------------  S Y S T E M  ---------------

OS: Windows 10.0 , 64 bit Build 17134 (10.0.17134.1)

CPU:total 8 (initial active 8) (4 cores per cpu, 2 threads per core) family 6 model 158 stepping 9, cmov, cx8, fxsr, mmx, sse, sse2, sse3, ssse3, sse4.1, sse4.2, popcnt, avx, avx2, aes, clmul, erms, rtm, 3dnowpref, lzcnt, ht, tsc, tscinvbit, bmi1, bmi2, adx

Memory: 4k page, physical 8315384k(1256928k free), swap 15922932k(5192k free)

vm_info: Java HotSpot(TM) 64-Bit Server VM (25.152-b16) for windows-amd64 JRE (1.8.0_152-b16), built on Sep 14 2017 02:29:36 by "java_re" with MS VC++ 10.0 (VS2010)

time: Thu Oct 18 10:09:03 2018
elapsed time: 2 seconds (0d 0h 0m 2s)

