#
# There is insufficient memory for the Java Runtime Environment to continue.
# Native memory allocation (malloc) failed to allocate 1737136 bytes for Chunk::new
# Possible reasons:
#   The system is out of physical RAM or swap space
#   In 32 bit mode, the process size limit was hit
# Possible solutions:
#   Reduce memory load on the system
#   Increase physical memory or swap space
#   Check if swap backing store is full
#   Use 64 bit Java on a 64 bit OS
#   Decrease Java heap size (-Xmx/-Xms)
#   Decrease number of Java threads
#   Decrease Java thread stack sizes (-Xss)
#   Set larger code cache with -XX:ReservedCodeCacheSize=
# This output file may be truncated or incomplete.
#
#  Out of Memory Error (allocation.cpp:390), pid=10276, tid=0x000000000000107c
#
# JRE version: Java(TM) SE Runtime Environment (8.0_152-b16) (build 1.8.0_152-b16)
# Java VM: Java HotSpot(TM) 64-Bit Server VM (25.152-b16 mixed mode windows-amd64 compressed oops)
# Failed to write core dump. Minidumps are not enabled by default on client versions of Windows
#

---------------  T H R E A D  ---------------

Current thread (0x000000001b27e000):  JavaThread "C2 CompilerThread1" daemon [_thread_in_native, id=4220, stack(0x000000001b580000,0x000000001b680000)]

Stack: [0x000000001b580000,0x000000001b680000]
[error occurred during error reporting (printing stack bounds), id 0xc0000005]

Native frames: (J=compiled Java code, j=interpreted, Vv=VM code, C=native code)


Current CompileTask:
C2:   8261 3550       4       java.net.URLClassLoader$1::run (5 bytes)


---------------  P R O C E S S  ---------------

Java Threads: ( => current thread )
  0x000000001f628000 JavaThread "Thread-27-disruptor-worker-transfer-queue" [_thread_blocked, id=6488, stack(0x0000000029d20000,0x0000000029e20000)]
  0x000000001f627000 JavaThread "Thread-26-logProcessBolt-executor[4 4]" [_thread_blocked, id=20100, stack(0x0000000029c20000,0x0000000029d20000)]
  0x000000001f62e000 JavaThread "Thread-25-disruptor-executor[4 4]-send-queue" [_thread_blocked, id=2756, stack(0x0000000029b20000,0x0000000029c20000)]
  0x000000001f629800 JavaThread "Thread-24-__system-executor[-1 -1]" [_thread_blocked, id=19148, stack(0x0000000029a20000,0x0000000029b20000)]
  0x000000001f626800 JavaThread "Thread-23-disruptor-executor[-1 -1]-send-queue" [_thread_blocked, id=20300, stack(0x0000000029920000,0x0000000029a20000)]
  0x000000001f62a000 JavaThread "Thread-22-__acker-executor[1 1]" [_thread_blocked, id=10844, stack(0x0000000029820000,0x0000000029920000)]
  0x000000001f625800 JavaThread "Thread-21-disruptor-executor[1 1]-send-queue" [_thread_blocked, id=13064, stack(0x0000000029720000,0x0000000029820000)]
  0x000000001f62c800 JavaThread "Thread-20-kafka-spout-executor[3 3]" [_thread_in_native, id=7204, stack(0x0000000029620000,0x0000000029720000)]
  0x000000001d2a4000 JavaThread "Thread-19-disruptor-executor[3 3]-send-queue" [_thread_blocked, id=18508, stack(0x0000000029520000,0x0000000029620000)]
  0x000000001d29b000 JavaThread "Thread-18-kafka-spout-executor[2 2]" [_thread_in_native, id=19728, stack(0x0000000029420000,0x0000000029520000)]
  0x00000000206f4000 JavaThread "Thread-17-disruptor-executor[2 2]-send-queue" [_thread_blocked, id=18788, stack(0x0000000029320000,0x0000000029420000)]
  0x000000001d2a5000 JavaThread "user-timer" daemon [_thread_blocked, id=1200, stack(0x0000000029220000,0x0000000029320000)]
  0x000000001d2a3800 JavaThread "refresh-backpressure-timer" daemon [_thread_blocked, id=9396, stack(0x0000000029120000,0x0000000029220000)]
  0x000000001d2a2800 JavaThread "executor-heartbeat-timer" daemon [_thread_blocked, id=14628, stack(0x0000000029020000,0x0000000029120000)]
  0x000000001d2a1800 JavaThread "refresh-active-timer" daemon [_thread_blocked, id=19940, stack(0x0000000028f20000,0x0000000029020000)]
  0x000000001d2a8000 JavaThread "reset-log-levels-timer" daemon [_thread_blocked, id=18080, stack(0x0000000028e20000,0x0000000028f20000)]
  0x000000001d2a5800 JavaThread "refresh-credentials-timer" daemon [_thread_blocked, id=936, stack(0x0000000028d20000,0x0000000028e20000)]
  0x000000001d2a1000 JavaThread "refresh-connections-timer" daemon [_thread_blocked, id=12588, stack(0x0000000028c20000,0x0000000028d20000)]
  0x000000001d2a7000 JavaThread "refresh-load-timer" daemon [_thread_blocked, id=8476, stack(0x0000000028b20000,0x0000000028c20000)]
  0x000000001d2a6800 JavaThread "heartbeat-timer" daemon [_thread_blocked, id=4284, stack(0x0000000028a20000,0x0000000028b20000)]
  0x000000001d299800 JavaThread "disruptor-metrics-reporter" daemon [_thread_blocked, id=10176, stack(0x0000000028920000,0x0000000028a20000)]
  0x000000001d2a0000 JavaThread "disruptor-flush-task-pool" daemon [_thread_blocked, id=3732, stack(0x0000000028820000,0x0000000028920000)]
  0x000000001d298800 JavaThread "metric/stat timer" daemon [_thread_blocked, id=14840, stack(0x0000000028720000,0x0000000028820000)]
  0x000000001d29e800 JavaThread "disruptor-flush-trigger" daemon [_thread_blocked, id=19568, stack(0x0000000028620000,0x0000000028720000)]
  0x000000001d29f800 JavaThread "Curator-Framework-0" daemon [_thread_blocked, id=17812, stack(0x0000000028520000,0x0000000028620000)]
  0x000000001d29e000 JavaThread "SLOT_1027-EventThread" daemon [_thread_blocked, id=3812, stack(0x0000000028420000,0x0000000028520000)]
  0x000000001d29c800 JavaThread "SLOT_1027-SendThread(myhost:2000)" daemon [_thread_in_native, id=13428, stack(0x0000000028320000,0x0000000028420000)]
  0x000000001d29a000 JavaThread "Curator-ConnectionStateManager-0" daemon [_thread_blocked, id=6300, stack(0x0000000028220000,0x0000000028320000)]
  0x0000000020704000 JavaThread "Async Localizer" [_thread_blocked, id=6100, stack(0x0000000027920000,0x0000000027a20000)]
  0x0000000020703800 JavaThread "DestroyJavaVM" [_thread_blocked, id=4172, stack(0x00000000031c0000,0x00000000032c0000)]
  0x00000000207f2000 JavaThread "Localizer Cache Cleanup" [_thread_blocked, id=6248, stack(0x0000000027820000,0x0000000027920000)]
  0x00000000206fc000 JavaThread "SLOT_1029" [_thread_blocked, id=10304, stack(0x0000000027720000,0x0000000027820000)]
  0x0000000020702800 JavaThread "SLOT_1028" [_thread_blocked, id=9392, stack(0x0000000027620000,0x0000000027720000)]
  0x0000000020701000 JavaThread "SLOT_1027" [_thread_blocked, id=2616, stack(0x0000000027520000,0x0000000027620000)]
  0x0000000020700800 JavaThread "Thread-14" [_thread_blocked, id=5296, stack(0x0000000027420000,0x0000000027520000)]
  0x00000000206ff800 JavaThread "blob-update-timer" daemon [_thread_blocked, id=17164, stack(0x0000000027320000,0x0000000027420000)]
  0x00000000206fe000 JavaThread "timer" daemon [_thread_blocked, id=13308, stack(0x0000000027220000,0x0000000027320000)]
  0x00000000206fb000 JavaThread "timer" daemon [_thread_blocked, id=96, stack(0x0000000027120000,0x0000000027220000)]
  0x00000000206fc800 JavaThread "Curator-Framework-0" daemon [_thread_blocked, id=4888, stack(0x0000000027020000,0x0000000027120000)]
  0x00000000206ff000 JavaThread "main-EventThread" daemon [_thread_blocked, id=13420, stack(0x0000000026f20000,0x0000000027020000)]
  0x00000000206fd800 JavaThread "main-SendThread(myhost:2000)" daemon [_thread_in_native, id=10188, stack(0x0000000026e20000,0x0000000026f20000)]
  0x0000000020702000 JavaThread "Curator-ConnectionStateManager-0" daemon [_thread_blocked, id=6420, stack(0x0000000026d20000,0x0000000026e20000)]
  0x00000000206f3800 JavaThread "Localizer Cache Cleanup" [_thread_blocked, id=18620, stack(0x0000000026820000,0x0000000026920000)]
  0x00000000206f9800 JavaThread "SLOT_1026" [_thread_blocked, id=17488, stack(0x0000000026720000,0x0000000026820000)]
  0x00000000206f5000 JavaThread "SLOT_1025" [_thread_blocked, id=19680, stack(0x0000000026620000,0x0000000026720000)]
  0x00000000206f6000 JavaThread "SLOT_1024" [_thread_blocked, id=18724, stack(0x0000000026520000,0x0000000026620000)]
  0x00000000206fa800 JavaThread "Thread-10" [_thread_blocked, id=14056, stack(0x0000000026420000,0x0000000026520000)]
  0x00000000206f9000 JavaThread "blob-update-timer" daemon [_thread_blocked, id=14352, stack(0x0000000026320000,0x0000000026420000)]
  0x00000000206f6800 JavaThread "timer" daemon [_thread_blocked, id=12988, stack(0x0000000026220000,0x0000000026320000)]
  0x00000000206f8000 JavaThread "timer" daemon [_thread_blocked, id=17288, stack(0x0000000026120000,0x0000000026220000)]
  0x00000000206f7800 JavaThread "Curator-Framework-0" daemon [_thread_blocked, id=5264, stack(0x0000000026020000,0x0000000026120000)]
  0x000000002070a800 JavaThread "main-EventThread" daemon [_thread_blocked, id=11428, stack(0x0000000025f20000,0x0000000026020000)]
  0x0000000020706800 JavaThread "main-SendThread(0:0:0:0:0:0:0:1:2000)" daemon [_thread_in_native, id=6524, stack(0x0000000025e20000,0x0000000025f20000)]
  0x0000000020705000 JavaThread "Curator-ConnectionStateManager-0" daemon [_thread_blocked, id=9516, stack(0x0000000025d20000,0x0000000025e20000)]
  0x0000000020708000 JavaThread "Curator-Framework-0" daemon [_thread_blocked, id=12936, stack(0x0000000025820000,0x0000000025920000)]
  0x0000000020706000 JavaThread "main-EventThread" daemon [_thread_blocked, id=15108, stack(0x0000000025720000,0x0000000025820000)]
  0x0000000020709800 JavaThread "main-SendThread(myhost:2000)" daemon [_thread_in_native, id=16768, stack(0x0000000025620000,0x0000000025720000)]
  0x0000000020709000 JavaThread "Curator-ConnectionStateManager-0" daemon [_thread_blocked, id=18396, stack(0x0000000025520000,0x0000000025620000)]
  0x0000000020707800 JavaThread "Curator-Framework-0" daemon [_thread_blocked, id=15588, stack(0x0000000025020000,0x0000000025120000)]
  0x00000000207f3000 JavaThread "main-EventThread" daemon [_thread_blocked, id=6332, stack(0x0000000024f20000,0x0000000025020000)]
  0x00000000207f3800 JavaThread "main-SendThread(0:0:0:0:0:0:0:1:2000)" daemon [_thread_in_native, id=15756, stack(0x0000000024e20000,0x0000000024f20000)]
  0x00000000207ea800 JavaThread "Curator-ConnectionStateManager-0" daemon [_thread_blocked, id=17132, stack(0x0000000024d20000,0x0000000024e20000)]
  0x00000000207f1800 JavaThread "Thread-6" daemon [_thread_blocked, id=7508, stack(0x0000000024720000,0x0000000024820000)]
  0x00000000207f0800 JavaThread "Curator-Framework-0" daemon [_thread_blocked, id=744, stack(0x0000000024620000,0x0000000024720000)]
  0x00000000207f0000 JavaThread "main-EventThread" daemon [_thread_blocked, id=8004, stack(0x0000000024520000,0x0000000024620000)]
  0x00000000207f5000 JavaThread "main-SendThread(0:0:0:0:0:0:0:1:2000)" daemon [_thread_in_native, id=20024, stack(0x0000000024420000,0x0000000024520000)]
  0x00000000207ef000 JavaThread "Curator-ConnectionStateManager-0" daemon [_thread_blocked, id=1676, stack(0x0000000024320000,0x0000000024420000)]
  0x00000000207f6000 JavaThread "Curator-Framework-0" daemon [_thread_blocked, id=20184, stack(0x0000000024220000,0x0000000024320000)]
  0x00000000207f4800 JavaThread "main-EventThread" daemon [_thread_blocked, id=20216, stack(0x0000000024120000,0x0000000024220000)]
  0x00000000207e7800 JavaThread "main-SendThread(0:0:0:0:0:0:0:1:2000)" daemon [_thread_in_native, id=15484, stack(0x0000000024020000,0x0000000024120000)]
  0x00000000207e8800 JavaThread "Curator-ConnectionStateManager-0" daemon [_thread_blocked, id=17452, stack(0x0000000023f20000,0x0000000024020000)]
  0x00000000207e9000 JavaThread "Thread-5" daemon [_thread_blocked, id=10964, stack(0x0000000023a20000,0x0000000023b20000)]
  0x00000000207ee800 JavaThread "Thread-4" daemon [_thread_blocked, id=12580, stack(0x0000000023920000,0x0000000023a20000)]
  0x00000000207ea000 JavaThread "Thread-3" daemon [_thread_blocked, id=15656, stack(0x0000000023820000,0x0000000023920000)]
  0x00000000207ec000 JavaThread "timer" daemon [_thread_blocked, id=13864, stack(0x0000000023720000,0x0000000023820000)]
  0x00000000207ed000 JavaThread "Thread-2" daemon [_thread_blocked, id=16916, stack(0x0000000023620000,0x0000000023720000)]
  0x00000000207e7000 JavaThread "Curator-Framework-0" daemon [_thread_blocked, id=12800, stack(0x0000000023520000,0x0000000023620000)]
  0x00000000207ed800 JavaThread "main-EventThread" daemon [_thread_blocked, id=18900, stack(0x0000000023420000,0x0000000023520000)]
  0x00000000207eb800 JavaThread "main-SendThread(0:0:0:0:0:0:0:1:2000)" daemon [_thread_in_native, id=16196, stack(0x0000000023320000,0x0000000023420000)]
  0x00000000217f8000 JavaThread "Curator-ConnectionStateManager-0" daemon [_thread_blocked, id=1512, stack(0x0000000023220000,0x0000000023320000)]
  0x00000000217f6000 JavaThread "FileBlobStore cleanup thread" daemon [_thread_blocked, id=6372, stack(0x0000000023120000,0x0000000023220000)]
  0x00000000217f9800 JavaThread "Curator-Framework-0" daemon [_thread_blocked, id=18632, stack(0x0000000022f20000,0x0000000023020000)]
  0x00000000217fb000 JavaThread "main-EventThread" daemon [_thread_blocked, id=11592, stack(0x0000000022e20000,0x0000000022f20000)]
  0x00000000217f5000 JavaThread "main-SendThread(myhost:2000)" daemon [_thread_in_native, id=13984, stack(0x0000000022d20000,0x0000000022e20000)]
  0x00000000217f6800 JavaThread "Curator-ConnectionStateManager-0" daemon [_thread_blocked, id=15116, stack(0x0000000022b20000,0x0000000022c20000)]
  0x00000000217fa800 JavaThread "ProcessThread(sid:0 cport:-1):" [_thread_blocked, id=1852, stack(0x0000000022820000,0x0000000022920000)]
  0x00000000217f7800 JavaThread "SyncThread:0" [_thread_blocked, id=19352, stack(0x0000000022720000,0x0000000022820000)]
  0x00000000217fc000 JavaThread "SessionTracker" [_thread_blocked, id=10476, stack(0x0000000020d60000,0x0000000020e60000)]
  0x00000000217f9000 JavaThread "NIOServerCxn.Factory:0.0.0.0/0.0.0.0:2000" daemon [_thread_in_native, id=6384, stack(0x000000001fba0000,0x000000001fca0000)]
  0x000000001bd87800 JavaThread "Log4j2-TF-2-Scheduled-1" daemon [_thread_blocked, id=19368, stack(0x000000001dcd0000,0x000000001ddd0000)]
  0x000000001b311800 JavaThread "Service Thread" daemon [_thread_blocked, id=17604, stack(0x000000001b880000,0x000000001b980000)]
  0x000000001b281800 JavaThread "C1 CompilerThread3" daemon [_thread_blocked, id=20472, stack(0x000000001b780000,0x000000001b880000)]
  0x000000001b27f000 JavaThread "C2 CompilerThread2" daemon [_thread_in_native, id=18036, stack(0x000000001b680000,0x000000001b780000)]
=>0x000000001b27e000 JavaThread "C2 CompilerThread1" daemon [_thread_in_native, id=4220, stack(0x000000001b580000,0x000000001b680000)]
  0x000000001b27d000 JavaThread "C2 CompilerThread0" daemon [_thread_blocked, id=3248, stack(0x000000001b480000,0x000000001b580000)]
  0x000000001b271000 JavaThread "Monitor Ctrl-Break" daemon [_thread_in_native, id=17760, stack(0x000000001b380000,0x000000001b480000)]
  0x000000001a462800 JavaThread "Attach Listener" daemon [_thread_blocked, id=20244, stack(0x000000001aa80000,0x000000001ab80000)]
  0x000000001a4bb800 JavaThread "Signal Dispatcher" daemon [_thread_blocked, id=17116, stack(0x000000001a980000,0x000000001aa80000)]
  0x000000001a440800 JavaThread "Finalizer" daemon [_thread_blocked, id=3316, stack(0x000000001a820000,0x000000001a920000)]
  0x0000000018541000 JavaThread "Reference Handler" daemon [_thread_blocked, id=10564, stack(0x000000001a320000,0x000000001a420000)]

Other Threads:
  0x0000000018538000 VMThread [stack: 0x000000001a220000,0x000000001a320000] [id=14532]
  0x000000001b9db800 WatcherThread [stack: 0x000000001c950000,0x000000001ca50000] [id=11436]

VM state:not at safepoint (normal execution)

VM Mutex/Monitor currently owned by a thread: None

Heap:
 PSYoungGen      total 247808K, used 193930K [0x00000000d5b00000, 0x00000000ec580000, 0x0000000100000000)
  eden space 235520K, 78% used [0x00000000d5b00000,0x00000000e0f84860,0x00000000e4100000)
  from space 12288K, 73% used [0x00000000e4100000,0x00000000e49de320,0x00000000e4d00000)
  to   space 12800K, 0% used [0x00000000eb900000,0x00000000eb900000,0x00000000ec580000)
 ParOldGen       total 61952K, used 13461K [0x0000000081000000, 0x0000000084c80000, 0x00000000d5b00000)
  object space 61952K, 21% used [0x0000000081000000,0x0000000081d255c0,0x0000000084c80000)
 Metaspace       used 50497K, capacity 51110K, committed 51248K, reserved 1091584K
  class space    used 8812K, capacity 8945K, committed 9008K, reserved 1048576K

Card table byte_map: [0x0000000012920000,0x0000000012d20000] byte_map_base: 0x0000000012518000

Marking Bits: (ParMarkBitMap*) 0x0000000072510860
 Begin Bits: [0x00000000137d0000, 0x0000000015790000)
 End Bits:   [0x0000000015790000, 0x0000000017750000)

Polling page: 0x0000000000f40000

CodeCache: size=245760Kb used=10496Kb max_used=11548Kb free=235263Kb
 bounds [0x0000000003560000, 0x00000000040c0000, 0x0000000012560000]
 total_blobs=3575 nmethods=3038 adapters=449
 compilation: enabled

Compilation events (10 events):
Event: 8.174 Thread 0x000000001b281800 nmethod 3633 0x00000000039d6350 code [0x00000000039d64e0, 0x00000000039d6890]
Event: 8.174 Thread 0x000000001b281800 3634       3       java.util.LinkedHashMap$LinkedEntryIterator::<init> (11 bytes)
Event: 8.175 Thread 0x000000001b281800 nmethod 3634 0x00000000039d5e50 code [0x00000000039d5fc0, 0x00000000039d6230]
Event: 8.175 Thread 0x000000001b281800 3635       3       java.util.LinkedHashMap$LinkedEntrySet::iterator (12 bytes)
Event: 8.175 Thread 0x000000001b281800 nmethod 3635 0x00000000038d76d0 code [0x00000000038d7840, 0x00000000038d7b50]
Event: 8.175 Thread 0x000000001b281800 3636       1       javax.management.MBeanInfo::getClassName (5 bytes)
Event: 8.175 Thread 0x000000001b281800 nmethod 3636 0x0000000003b7d110 code [0x0000000003b7d260, 0x0000000003b7d370]
Event: 8.175 Thread 0x000000001b281800 3637       3       java.util.LinkedHashMap::<init> (16 bytes)
Event: 8.175 Thread 0x000000001b281800 nmethod 3637 0x00000000038d70d0 code [0x00000000038d7240, 0x00000000038d7588]
Event: 8.175 Thread 0x000000001b27d000 nmethod 3632 0x00000000039d59d0 code [0x00000000039d5b20, 0x00000000039d5ca8]

GC Heap History (10 events):
Event: 2.771 GC heap before
{Heap before GC invocations=7 (full 1):
 PSYoungGen      total 71680K, used 66560K [0x00000000d5b00000, 0x00000000df100000, 0x0000000100000000)
  eden space 66560K, 100% used [0x00000000d5b00000,0x00000000d9c00000,0x00000000d9c00000)
  from space 5120K, 0% used [0x00000000d9c00000,0x00000000d9c00000,0x00000000da100000)
  to   space 10240K, 0% used [0x00000000de700000,0x00000000de700000,0x00000000df100000)
 ParOldGen       total 48640K, used 6877K [0x0000000081000000, 0x0000000083f80000, 0x00000000d5b00000)
  object space 48640K, 14% used [0x0000000081000000,0x00000000816b7488,0x0000000083f80000)
 Metaspace       used 25534K, capacity 25816K, committed 26160K, reserved 1071104K
  class space    used 4238K, capacity 4285K, committed 4400K, reserved 1048576K
Event: 2.779 GC heap after
Heap after GC invocations=7 (full 1):
 PSYoungGen      total 131584K, used 5613K [0x00000000d5b00000, 0x00000000dec80000, 0x0000000100000000)
  eden space 125952K, 0% used [0x00000000d5b00000,0x00000000d5b00000,0x00000000dd600000)
  from space 5632K, 99% used [0x00000000de700000,0x00000000dec7b700,0x00000000dec80000)
  to   space 10240K, 0% used [0x00000000dd880000,0x00000000dd880000,0x00000000de280000)
 ParOldGen       total 48640K, used 6885K [0x0000000081000000, 0x0000000083f80000, 0x00000000d5b00000)
  object space 48640K, 14% used [0x0000000081000000,0x00000000816b9488,0x0000000083f80000)
 Metaspace       used 25534K, capacity 25816K, committed 26160K, reserved 1071104K
  class space    used 4238K, capacity 4285K, committed 4400K, reserved 1048576K
}
Event: 3.549 GC heap before
{Heap before GC invocations=8 (full 1):
 PSYoungGen      total 131584K, used 131565K [0x00000000d5b00000, 0x00000000dec80000, 0x0000000100000000)
  eden space 125952K, 100% used [0x00000000d5b00000,0x00000000dd600000,0x00000000dd600000)
  from space 5632K, 99% used [0x00000000de700000,0x00000000dec7b700,0x00000000dec80000)
  to   space 10240K, 0% used [0x00000000dd880000,0x00000000dd880000,0x00000000de280000)
 ParOldGen       total 48640K, used 6885K [0x0000000081000000, 0x0000000083f80000, 0x00000000d5b00000)
  object space 48640K, 14% used [0x0000000081000000,0x00000000816b9488,0x0000000083f80000)
 Metaspace       used 34470K, capacity 34728K, committed 34992K, reserved 1077248K
  class space    used 6254K, capacity 6309K, committed 6320K, reserved 1048576K
Event: 3.561 GC heap after
Heap after GC invocations=8 (full 1):
 PSYoungGen      total 138752K, used 10212K [0x00000000d5b00000, 0x00000000e5980000, 0x0000000100000000)
  eden space 128512K, 0% used [0x00000000d5b00000,0x00000000d5b00000,0x00000000dd880000)
  from space 10240K, 99% used [0x00000000dd880000,0x00000000de279168,0x00000000de280000)
  to   space 12800K, 0% used [0x00000000e4d00000,0x00000000e4d00000,0x00000000e5980000)
 ParOldGen       total 48640K, used 9921K [0x0000000081000000, 0x0000000083f80000, 0x00000000d5b00000)
  object space 48640K, 20% used [0x0000000081000000,0x00000000819b0628,0x0000000083f80000)
 Metaspace       used 34470K, capacity 34728K, committed 34992K, reserved 1077248K
  class space    used 6254K, capacity 6309K, committed 6320K, reserved 1048576K
}
Event: 3.621 GC heap before
{Heap before GC invocations=9 (full 1):
 PSYoungGen      total 138752K, used 17844K [0x00000000d5b00000, 0x00000000e5980000, 0x0000000100000000)
  eden space 128512K, 5% used [0x00000000d5b00000,0x00000000d62741f0,0x00000000dd880000)
  from space 10240K, 99% used [0x00000000dd880000,0x00000000de279168,0x00000000de280000)
  to   space 12800K, 0% used [0x00000000e4d00000,0x00000000e4d00000,0x00000000e5980000)
 ParOldGen       total 48640K, used 9921K [0x0000000081000000, 0x0000000083f80000, 0x00000000d5b00000)
  object space 48640K, 20% used [0x0000000081000000,0x00000000819b0628,0x0000000083f80000)
 Metaspace       used 35158K, capacity 35368K, committed 35496K, reserved 1079296K
  class space    used 6406K, capacity 6437K, committed 6448K, reserved 1048576K
Event: 3.626 GC heap after
Heap after GC invocations=9 (full 1):
 PSYoungGen      total 248320K, used 7130K [0x00000000d5b00000, 0x00000000e5d80000, 0x0000000100000000)
  eden space 235520K, 0% used [0x00000000d5b00000,0x00000000d5b00000,0x00000000e4100000)
  from space 12800K, 55% used [0x00000000e4d00000,0x00000000e53f6988,0x00000000e5980000)
  to   space 12288K, 0% used [0x00000000e4100000,0x00000000e4100000,0x00000000e4d00000)
 ParOldGen       total 48640K, used 9929K [0x0000000081000000, 0x0000000083f80000, 0x00000000d5b00000)
  object space 48640K, 20% used [0x0000000081000000,0x00000000819b2628,0x0000000083f80000)
 Metaspace       used 35158K, capacity 35368K, committed 35496K, reserved 1079296K
  class space    used 6406K, capacity 6437K, committed 6448K, reserved 1048576K
}
Event: 3.626 GC heap before
{Heap before GC invocations=10 (full 2):
 PSYoungGen      total 248320K, used 7130K [0x00000000d5b00000, 0x00000000e5d80000, 0x0000000100000000)
  eden space 235520K, 0% used [0x00000000d5b00000,0x00000000d5b00000,0x00000000e4100000)
  from space 12800K, 55% used [0x00000000e4d00000,0x00000000e53f6988,0x00000000e5980000)
  to   space 12288K, 0% used [0x00000000e4100000,0x00000000e4100000,0x00000000e4d00000)
 ParOldGen       total 48640K, used 9929K [0x0000000081000000, 0x0000000083f80000, 0x00000000d5b00000)
  object space 48640K, 20% used [0x0000000081000000,0x00000000819b2628,0x0000000083f80000)
 Metaspace       used 35158K, capacity 35368K, committed 35496K, reserved 1079296K
  class space    used 6406K, capacity 6437K, committed 6448K, reserved 1048576K
Event: 3.657 GC heap after
Heap after GC invocations=10 (full 2):
 PSYoungGen      total 248320K, used 0K [0x00000000d5b00000, 0x00000000e5d80000, 0x0000000100000000)
  eden space 235520K, 0% used [0x00000000d5b00000,0x00000000d5b00000,0x00000000e4100000)
  from space 12800K, 0% used [0x00000000e4d00000,0x00000000e4d00000,0x00000000e5980000)
  to   space 12288K, 0% used [0x00000000e4100000,0x00000000e4100000,0x00000000e4d00000)
 ParOldGen       total 61952K, used 13453K [0x0000000081000000, 0x0000000084c80000, 0x00000000d5b00000)
  object space 61952K, 21% used [0x0000000081000000,0x0000000081d235c0,0x0000000084c80000)
 Metaspace       used 35158K, capacity 35368K, committed 35496K, reserved 1079296K
  class space    used 6406K, capacity 6437K, committed 6448K, reserved 1048576K
}
Event: 5.668 GC heap before
{Heap before GC invocations=11 (full 2):
 PSYoungGen      total 248320K, used 235520K [0x00000000d5b00000, 0x00000000e5d80000, 0x0000000100000000)
  eden space 235520K, 100% used [0x00000000d5b00000,0x00000000e4100000,0x00000000e4100000)
  from space 12800K, 0% used [0x00000000e4d00000,0x00000000e4d00000,0x00000000e5980000)
  to   space 12288K, 0% used [0x00000000e4100000,0x00000000e4100000,0x00000000e4d00000)
 ParOldGen       total 61952K, used 13453K [0x0000000081000000, 0x0000000084c80000, 0x00000000d5b00000)
  object space 61952K, 21% used [0x0000000081000000,0x0000000081d235c0,0x0000000084c80000)
 Metaspace       used 43729K, capacity 44198K, committed 44336K, reserved 1085440K
  class space    used 7827K, capacity 7930K, committed 7984K, reserved 1048576K
Event: 5.675 GC heap after
Heap after GC invocations=11 (full 2):
 PSYoungGen      total 247808K, used 9080K [0x00000000d5b00000, 0x00000000ec580000, 0x0000000100000000)
  eden space 235520K, 0% used [0x00000000d5b00000,0x00000000d5b00000,0x00000000e4100000)
  from space 12288K, 73% used [0x00000000e4100000,0x00000000e49de320,0x00000000e4d00000)
  to   space 12800K, 0% used [0x00000000eb900000,0x00000000eb900000,0x00000000ec580000)
 ParOldGen       total 61952K, used 13461K [0x0000000081000000, 0x0000000084c80000, 0x00000000d5b00000)
  object space 61952K, 21% used [0x0000000081000000,0x0000000081d255c0,0x0000000084c80000)
 Metaspace       used 43729K, capacity 44198K, committed 44336K, reserved 1085440K
  class space    used 7827K, capacity 7930K, committed 7984K, reserved 1048576K
}

Deoptimization events (10 events):
Event: 7.016 Thread 0x0000000020701000 Uncommon trap: reason=unstable_if action=reinterpret pc=0x0000000003c05250 method=clojure.lang.PersistentVector.tailoff()I @ 6
Event: 7.017 Thread 0x0000000020701000 Uncommon trap: reason=unstable_if action=reinterpret pc=0x0000000003f6fee4 method=clojure.lang.PersistentVector.tailoff()I @ 6
Event: 7.036 Thread 0x0000000020701000 Uncommon trap: reason=unstable_if action=reinterpret pc=0x0000000003fc84e0 method=clojure.lang.Reflector.getMethods(Ljava/lang/Class;ILjava/lang/String;Z)Ljava/util/List; @ 160
Event: 7.038 Thread 0x0000000020701000 Uncommon trap: reason=class_check action=maybe_recompile pc=0x0000000003bdc7a0 method=clojure.lang.Util.equiv(Ljava/lang/Object;Ljava/lang/Object;)Z @ 19
Event: 7.050 Thread 0x0000000020701000 Uncommon trap: reason=class_check action=maybe_recompile pc=0x0000000003cb9918 method=clojure.lang.Util.equiv(Ljava/lang/Object;Ljava/lang/Object;)Z @ 19
Event: 7.059 Thread 0x0000000020701000 Uncommon trap: reason=class_check action=maybe_recompile pc=0x00000000039a7eec method=clojure.lang.PersistentHashMap.entryAt(Ljava/lang/Object;)Lclojure/lang/IMapEntry; @ 45
Event: 7.066 Thread 0x0000000020701000 Uncommon trap: reason=unstable_if action=reinterpret pc=0x0000000003675d00 method=java.lang.CharacterData.of(I)Ljava/lang/CharacterData; @ 4
Event: 7.095 Thread 0x0000000020701000 Uncommon trap: reason=class_check action=maybe_recompile pc=0x0000000003cc35c8 method=clojure.lang.RT.longCast(Ljava/lang/Object;)J @ 8
Event: 7.884 Thread 0x000000001d2a8000 Uncommon trap: reason=unstable_if action=reinterpret pc=0x00000000039ae150 method=java.util.concurrent.ConcurrentHashMap$ValuesView.iterator()Ljava/util/Iterator; @ 11
Event: 8.087 Thread 0x000000001d29b000 Uncommon trap: reason=unstable_if action=reinterpret pc=0x0000000003f40c00 method=java.lang.Integer.toString(I)Ljava/lang/String; @ 3

Classes redefined (0 events):
No events

Internal exceptions (10 events):
Event: 4.388 Thread 0x00000000032eb000 Exception <a 'java/lang/NoSuchMethodError': <clinit>> (0x00000000dfa1f310) thrown at [C:\re\workspace\8-2-build-windows-amd64-cygwin\jdk8u152\9742\hotspot\src\share\vm\prims\jni.cpp, line 1613]
Event: 4.389 Thread 0x00000000032eb000 Exception <a 'java/lang/NoSuchMethodError': <clinit>> (0x00000000dfa2bf18) thrown at [C:\re\workspace\8-2-build-windows-amd64-cygwin\jdk8u152\9742\hotspot\src\share\vm\prims\jni.cpp, line 1613]
Event: 4.473 Thread 0x00000000032eb000 Exception <a 'java/lang/NoSuchMethodError': <clinit>> (0x00000000e1c79750) thrown at [C:\re\workspace\8-2-build-windows-amd64-cygwin\jdk8u152\9742\hotspot\src\share\vm\prims\jni.cpp, line 1613]
Event: 4.493 Thread 0x00000000032eb000 Exception <a 'java/io/IOException'> (0x00000000e1df33e8) thrown at [C:\re\workspace\8-2-build-windows-amd64-cygwin\jdk8u152\9742\hotspot\src\share\vm\prims\jni.cpp, line 709]
Event: 4.569 Thread 0x00000000032eb000 Exception <a 'java/io/IOException'> (0x00000000e1e09590) thrown at [C:\re\workspace\8-2-build-windows-amd64-cygwin\jdk8u152\9742\hotspot\src\share\vm\prims\jni.cpp, line 709]
Event: 4.621 Thread 0x00000000032eb000 Exception <a 'java/io/IOException'> (0x00000000e1eefa00) thrown at [C:\re\workspace\8-2-build-windows-amd64-cygwin\jdk8u152\9742\hotspot\src\share\vm\prims\jni.cpp, line 709]
Event: 4.630 Thread 0x00000000032eb000 Exception <a 'java/io/IOException'> (0x00000000e1ef1990) thrown at [C:\re\workspace\8-2-build-windows-amd64-cygwin\jdk8u152\9742\hotspot\src\share\vm\prims\jni.cpp, line 709]
Event: 6.725 Thread 0x0000000020701000 Exception <a 'sun/nio/fs/WindowsException'> (0x00000000d73b4ab0) thrown at [C:\re\workspace\8-2-build-windows-amd64-cygwin\jdk8u152\9742\hotspot\src\share\vm\prims\jni.cpp, line 709]
Event: 6.726 Thread 0x0000000020701000 Exception <a 'sun/nio/fs/WindowsException'> (0x00000000d73e4ba0) thrown at [C:\re\workspace\8-2-build-windows-amd64-cygwin\jdk8u152\9742\hotspot\src\share\vm\prims\jni.cpp, line 709]
Event: 6.935 Thread 0x0000000020701000 Implicit null exception at 0x0000000003f947f0 to 0x0000000003f9496d

Events (10 events):
Event: 8.172 loading class org/apache/kafka/common/network/PlaintextTransportLayer
Event: 8.172 loading class org/apache/kafka/common/network/PlaintextTransportLayer done
Event: 8.172 loading class org/apache/kafka/common/security/auth/KafkaPrincipal
Event: 8.172 loading class org/apache/kafka/common/security/auth/KafkaPrincipal done
Event: 8.173 loading class org/apache/kafka/common/network/DefaultAuthenticator
Event: 8.173 loading class org/apache/kafka/common/network/DefaultAuthenticator done
Event: 8.173 loading class org/apache/kafka/common/network/KafkaChannel
Event: 8.173 loading class org/apache/kafka/common/network/KafkaChannel done
Event: 8.174 loading class org/apache/kafka/common/metrics/stats/SampledStat$Sample
Event: 8.174 loading class org/apache/kafka/common/metrics/stats/SampledStat$Sample done


Dynamic libraries:
0x00007ff7b1d90000 - 0x00007ff7b1dc7000 	D:\Development Tools\Java\jdk1.8.0_152\bin\java.exe
0x00007ffb18a50000 - 0x00007ffb18c31000 	C:\WINDOWS\SYSTEM32\ntdll.dll
0x00007ffb16460000 - 0x00007ffb16512000 	C:\WINDOWS\System32\KERNEL32.DLL
0x00007ffb150b0000 - 0x00007ffb15323000 	C:\WINDOWS\System32\KERNELBASE.dll
0x00007ffb18910000 - 0x00007ffb189b1000 	C:\WINDOWS\System32\ADVAPI32.dll
0x00007ffb180a0000 - 0x00007ffb1813e000 	C:\WINDOWS\System32\msvcrt.dll
0x00007ffb189c0000 - 0x00007ffb18a1b000 	C:\WINDOWS\System32\sechost.dll
0x00007ffb18750000 - 0x00007ffb18874000 	C:\WINDOWS\System32\RPCRT4.dll
0x00007ffb16940000 - 0x00007ffb16ad0000 	C:\WINDOWS\System32\USER32.dll
0x00007ffb15730000 - 0x00007ffb15750000 	C:\WINDOWS\System32\win32u.dll
0x00007ffb16280000 - 0x00007ffb162a8000 	C:\WINDOWS\System32\GDI32.dll
0x00007ffb14e20000 - 0x00007ffb14fb2000 	C:\WINDOWS\System32\gdi32full.dll
0x00007ffb15010000 - 0x00007ffb150af000 	C:\WINDOWS\System32\msvcp_win.dll
0x00007ffb153e0000 - 0x00007ffb154da000 	C:\WINDOWS\System32\ucrtbase.dll
0x00007ffb08960000 - 0x00007ffb08bc9000 	C:\WINDOWS\WinSxS\amd64_microsoft.windows.common-controls_6595b64144ccf1df_6.0.17134.345_none_fb429a5930656358\COMCTL32.dll
0x00007ffb16520000 - 0x00007ffb16843000 	C:\WINDOWS\System32\combase.dll
0x00007ffb15e60000 - 0x00007ffb15eda000 	C:\WINDOWS\System32\bcryptPrimitives.dll
0x00007ffb16850000 - 0x00007ffb1687d000 	C:\WINDOWS\System32\IMM32.DLL
0x0000000075b60000 - 0x0000000075c32000 	D:\Development Tools\Java\jdk1.8.0_152\jre\bin\msvcr100.dll
0x0000000071cf0000 - 0x0000000072590000 	D:\Development Tools\Java\jdk1.8.0_152\jre\bin\server\jvm.dll
0x00007ffb16930000 - 0x00007ffb16938000 	C:\WINDOWS\System32\PSAPI.DLL
0x00007ffb0f7e0000 - 0x00007ffb0f7ea000 	C:\WINDOWS\SYSTEM32\VERSION.dll
0x00007ffb118f0000 - 0x00007ffb11913000 	C:\WINDOWS\SYSTEM32\WINMM.dll
0x00007ffb0b9b0000 - 0x00007ffb0b9b9000 	C:\WINDOWS\SYSTEM32\WSOCK32.dll
0x00007ffb18140000 - 0x00007ffb181ac000 	C:\WINDOWS\System32\WS2_32.dll
0x00007ffb117e0000 - 0x00007ffb1180a000 	C:\WINDOWS\SYSTEM32\WINMMBASE.dll
0x00007ffb14fc0000 - 0x00007ffb15009000 	C:\WINDOWS\System32\cfgmgr32.dll
0x0000000075b50000 - 0x0000000075b5f000 	D:\Development Tools\Java\jdk1.8.0_152\jre\bin\verify.dll
0x0000000075b20000 - 0x0000000075b49000 	D:\Development Tools\Java\jdk1.8.0_152\jre\bin\java.dll
0x0000000074c70000 - 0x0000000074c93000 	D:\Development Tools\Java\jdk1.8.0_152\jre\bin\instrument.dll
0x0000000075b00000 - 0x0000000075b16000 	D:\Development Tools\Java\jdk1.8.0_152\jre\bin\zip.dll
0x00007ffb16c60000 - 0x00007ffb1809f000 	C:\WINDOWS\System32\SHELL32.dll
0x00007ffb16880000 - 0x00007ffb16929000 	C:\WINDOWS\System32\shcore.dll
0x00007ffb15750000 - 0x00007ffb15e5d000 	C:\WINDOWS\System32\windows.storage.dll
0x00007ffb16400000 - 0x00007ffb16451000 	C:\WINDOWS\System32\shlwapi.dll
0x00007ffb14e00000 - 0x00007ffb14e11000 	C:\WINDOWS\System32\kernel.appcore.dll
0x00007ffb14de0000 - 0x00007ffb14dff000 	C:\WINDOWS\System32\profapi.dll
0x00007ffb14d70000 - 0x00007ffb14dbc000 	C:\WINDOWS\System32\powrprof.dll
0x00007ffb14d60000 - 0x00007ffb14d6a000 	C:\WINDOWS\System32\FLTLIB.DLL
0x00007ffb0dcc0000 - 0x00007ffb0dcda000 	D:\Development Tools\IntelliJ IDEA 2017.3\bin\breakgen64.dll
0x0000000075ae0000 - 0x0000000075afa000 	D:\Development Tools\Java\jdk1.8.0_152\jre\bin\net.dll
0x00007ffb145e0000 - 0x00007ffb14646000 	C:\WINDOWS\system32\mswsock.dll
0x0000000074c60000 - 0x0000000074c6d000 	D:\Development Tools\Java\jdk1.8.0_152\jre\bin\management.dll
0x00007ffb14790000 - 0x00007ffb147a7000 	C:\WINDOWS\SYSTEM32\CRYPTSP.dll
0x00007ffb141c0000 - 0x00007ffb141f3000 	C:\WINDOWS\system32\rsaenh.dll
0x00007ffb148c0000 - 0x00007ffb148e5000 	C:\WINDOWS\SYSTEM32\bcrypt.dll
0x00007ffb14c90000 - 0x00007ffb14cb8000 	C:\WINDOWS\SYSTEM32\USERENV.dll
0x00007ffb147b0000 - 0x00007ffb147bb000 	C:\WINDOWS\SYSTEM32\CRYPTBASE.dll
0x00007ffb14360000 - 0x00007ffb14398000 	C:\WINDOWS\SYSTEM32\IPHLPAPI.DLL
0x00007ffb16c50000 - 0x00007ffb16c58000 	C:\WINDOWS\System32\NSI.dll
0x00007ffb0f890000 - 0x00007ffb0f8a6000 	C:\WINDOWS\SYSTEM32\dhcpcsvc6.DLL
0x00007ffb0f3a0000 - 0x00007ffb0f3ba000 	C:\WINDOWS\SYSTEM32\dhcpcsvc.DLL
0x0000000075a70000 - 0x0000000075a81000 	D:\Development Tools\Java\jdk1.8.0_152\jre\bin\nio.dll
0x00007ffb123c0000 - 0x00007ffb123ca000 	C:\Users\HuangYn\AppData\Local\Temp\jansi-64-1-1398192221011082879.11
0x00007ffb08de0000 - 0x00007ffb08df6000 	C:\WINDOWS\system32\napinsp.dll
0x00007ffb08dc0000 - 0x00007ffb08dda000 	C:\WINDOWS\system32\pnrpnsp.dll
0x00007ffb11b90000 - 0x00007ffb11ba9000 	C:\WINDOWS\system32\NLAapi.dll
0x00007ffb143a0000 - 0x00007ffb1445e000 	C:\WINDOWS\SYSTEM32\DNSAPI.dll
0x00007ffb09340000 - 0x00007ffb0934e000 	C:\WINDOWS\System32\winrnr.dll
0x00007ffb0c330000 - 0x00007ffb0c33a000 	C:\Windows\System32\rasadhlp.dll
0x00007ffb0cae0000 - 0x00007ffb0cb52000 	C:\WINDOWS\System32\fwpuclnt.dll

VM Arguments:
jvm_args: -javaagent:D:\Development Tools\IntelliJ IDEA 2017.3\lib\idea_rt.jar=51215:D:\Development Tools\IntelliJ IDEA 2017.3\bin -Dfile.encoding=UTF-8 
java_command: kafka.StormKafkaTopo
java_class_path (initial): D:\Development Tools\Java\jdk1.8.0_152\jre\lib\charsets.jar;D:\Development Tools\Java\jdk1.8.0_152\jre\lib\deploy.jar;D:\Development Tools\Java\jdk1.8.0_152\jre\lib\ext\access-bridge-64.jar;D:\Development Tools\Java\jdk1.8.0_152\jre\lib\ext\cldrdata.jar;D:\Development Tools\Java\jdk1.8.0_152\jre\lib\ext\dnsns.jar;D:\Development Tools\Java\jdk1.8.0_152\jre\lib\ext\jaccess.jar;D:\Development Tools\Java\jdk1.8.0_152\jre\lib\ext\jfxrt.jar;D:\Development Tools\Java\jdk1.8.0_152\jre\lib\ext\localedata.jar;D:\Development Tools\Java\jdk1.8.0_152\jre\lib\ext\nashorn.jar;D:\Development Tools\Java\jdk1.8.0_152\jre\lib\ext\sunec.jar;D:\Development Tools\Java\jdk1.8.0_152\jre\lib\ext\sunjce_provider.jar;D:\Development Tools\Java\jdk1.8.0_152\jre\lib\ext\sunmscapi.jar;D:\Development Tools\Java\jdk1.8.0_152\jre\lib\ext\sunpkcs11.jar;D:\Development Tools\Java\jdk1.8.0_152\jre\lib\ext\zipfs.jar;D:\Development Tools\Java\jdk1.8.0_152\jre\lib\javaws.jar;D:\Development Tools\Java\jdk1.8.0_152\jre\lib\jce.jar;D:\Development Tools\Java\jdk1.8.0_152\jre\lib\jfr.jar;D:\Development Tools\Java\jdk1.8.0_152\jre\lib\jfxswt.jar;D:\Development Tools\Java\jdk1.8.0_152\jre\lib\jsse.jar;D:\Development Tools\Java\jdk1.8.0_152\jre\lib\management-agent.jar;D:\Development Tools\Java\jdk1.8.0_152\jre\lib\plugin.jar;D:\Development Tools\Java\jdk1.8.0_152\jre\lib\resources.jar;D:\Development Tools\Java\jdk1.8.0_152\jre\lib\rt.jar;D:\masterBigData\hadoop_201809\storm-demo\target\classes;F:\develop\Maven_repository\org\apache\storm\storm-core\1.2.2\storm-core-1.2.2.jar;F:\develop\Maven_repository\com\esotericsoftware\kryo\3.0.3\kryo-3.0.3.jar;F:\develop\Maven_repository\com\esotericsoftware\reflectasm\1.10.1\reflectasm-1.10.1.jar;F:\develop\Maven_repository\org\ow2\asm\asm\5.0.3\asm-5.0.3.jar;F:\develop\Maven_repository\com\esotericsoftware\minlog\1.3.0\minlog-1.3.0.jar;F:\develop\Maven_repository\org\objenesis\objenesis\2.1\objenesis-2.1.jar;F:\develop\Maven_repository\org\cloj
Launcher Type: SUN_STANDARD

Environment Variables:
JAVA_HOME=D:\Development Tools\Java\jdk1.8.0_152
CLASSPATH= .;D:\Development Tools\Java\jdk1.8.0_152\lib\dt.jar;D:\Development Tools\Java\jdk1.8.0_152\lib\tools.jar;.;D:\Development Tools\apache-cxf-3.2.1\apache-cxf-3.2.1\lib\cxf-manifest.jar;.\build\classes.;D:\Development Tools\scala\bin;
PATH=C:\Program Files (x86)\Common Files\Oracle\Java\javapath;C:\ProgramData\Oracle\Java\javapath;C:\WINDOWS\system32;C:\WINDOWS;C:\WINDOWS\System32\Wbem;C:\WINDOWS\System32\WindowsPowerShell\v1.0\;D:\Development Tools\Java\jdk1.8.0_152\bin;D:\Development Tools\Java\jdk1.8.0_152\jre\bin;D:\Development Tools\MySQL\MySQL Server 5.7\bin;D:\Development Tools\apache-maven-3.5.2-bin\apache-maven-3.5.2\bin;D:\Development Tools\MongoDB\Server\3.4\bin;D:\Development Tools\TortoiseSVN\bin;D:\Development Tools\apache-cxf-3.2.1\apache-cxf-3.2.1\bin;F:\develop\Jar.Package\apache-ant-1.10.1-bin\apache-ant-1.10.1\bin;F:\develop\solr\apache-tomcat-8.5.24-windows-x64\apache-tomcat-8.5.24\bin;D:\Development Tools\hadoop-2.7.5\bin;C:\WINDOWS\System32\OpenSSH\;D:\Development Tools\Git\cmd;D:\Development Tools\spring-2.0.2.RELEASE\bin;D:\Development Tools\gradle-4.5-bin\gradle-4.5\bin;D:\Development Tools\nodejs\;D:\Development Tools\elasticsearch-6.3.0\bin;D:\Development Tools\scala\bin;D:\Development Tools\Python\Python36\Scripts\;D:\Development Tools\Python\Python36\;C:\Users\HuangYn\AppData\Local\Microsoft\WindowsApps;C:\Users\HuangYn\AppData\Roaming\npm
USERNAME=HuangYn
OS=Windows_NT
PROCESSOR_IDENTIFIER=Intel64 Family 6 Model 158 Stepping 9, GenuineIntel



---------------  S Y S T E M  ---------------

OS: Windows 10.0 , 64 bit Build 17134 (10.0.17134.1)

CPU:total 8 (initial active 8) (4 cores per cpu, 2 threads per core) family 6 model 158 stepping 9, cmov, cx8, fxsr, mmx, sse, sse2, sse3, ssse3, sse4.1, sse4.2, popcnt, avx, avx2, aes, clmul, erms, rtm, 3dnowpref, lzcnt, ht, tsc, tscinvbit, bmi1, bmi2, adx

Memory: 4k page, physical 8315384k(807232k free), swap 15922932k(6736k free)

vm_info: Java HotSpot(TM) 64-Bit Server VM (25.152-b16) for windows-amd64 JRE (1.8.0_152-b16), built on Sep 14 2017 02:29:36 by "java_re" with MS VC++ 10.0 (VS2010)

time: Sat Oct 13 22:49:20 2018
elapsed time: 8 seconds (0d 0h 0m 8s)

